flutter_app_downloader/build/app/intermediates/manifest_merge_blame_file/debug/manifest-merger-blame-debug-report.txt
1<?xml version="1.0" encoding="utf-8"?>
2<manifest xmlns:android="http://schemas.android.com/apk/res/android"
3    package="com.example.flutterappdownloader"
4    android:versionCode="1"
5    android:versionName="1.0.0" >
6
7    <uses-sdk
8        android:minSdkVersion="16"
9        android:targetSdkVersion="28" />
10    <!--
11         Flutter needs it to communicate with the running application
12         to allow setting breakpoints, to provide hot reload, etc.
13    -->
14    <uses-permission android:name="android.permission.INTERNET" />
14-->src\debug\AndroidManifest.xml:6:5-66
14-->src\debug\AndroidManifest.xml:6:22-64
15    <uses-permission android:name="android.permission.WAKE_LOCK" />
15-->[androidx.work:work-runtime:2.3.4] AndroidManifest.xml:25:5-68
15-->[androidx.work:work-runtime:2.3.4] AndroidManifest.xml:25:22-65
16    <uses-permission android:name="android.permission.ACCESS_NETWORK_STATE" />
16-->[androidx.work:work-runtime:2.3.4] AndroidManifest.xml:26:5-79
16-->[androidx.work:work-runtime:2.3.4] AndroidManifest.xml:26:22-76
17    <uses-permission android:name="android.permission.RECEIVE_BOOT_COMPLETED" />
17-->[androidx.work:work-runtime:2.3.4] AndroidManifest.xml:27:5-81
17-->[androidx.work:work-runtime:2.3.4] AndroidManifest.xml:27:22-78
18    <uses-permission android:name="android.permission.FOREGROUND_SERVICE" />
18-->[androidx.work:work-runtime:2.3.4] AndroidManifest.xml:28:5-77
18-->[androidx.work:work-runtime:2.3.4] AndroidManifest.xml:28:22-74
19    <!--
20 io.flutter.app.FlutterApplication is an android.app.Application that
21         calls FlutterMain.startInitialization(this); in its onCreate method.
22         In most cases you can leave this as-is, but you if you want to provide
23         additional functionality it is fine to subclass or reimplement
24         FlutterApplication and put your custom class here.
25    -->
26    <application
26-->src\main\AndroidManifest.xml:8:5-73:19
27        android:name="io.flutter.app.FlutterApplication"
27-->src\main\AndroidManifest.xml:9:9-57
28        android:appComponentFactory="androidx.core.app.CoreComponentFactory"
28-->[androidx.core:core:1.2.0] AndroidManifest.xml:24:18-86
29        android:debuggable="true"
30        android:icon="@mipmap/ic_launcher"
30-->src\main\AndroidManifest.xml:11:9-43
31        android:label="flutterappdownloader" >
31-->src\main\AndroidManifest.xml:10:9-45
32        <activity
32-->src\main\AndroidManifest.xml:12:9-40:20
33            android:name="com.example.flutterappdownloader.MainActivity"
33-->src\main\AndroidManifest.xml:13:13-41
34            android:configChanges="orientation|keyboardHidden|keyboard|screenSize|smallestScreenSize|locale|layoutDirection|fontScale|screenLayout|density|uiMode"
34-->src\main\AndroidManifest.xml:16:13-163
35            android:hardwareAccelerated="true"
35-->src\main\AndroidManifest.xml:17:13-47
36            android:launchMode="singleTop"
36-->src\main\AndroidManifest.xml:14:13-43
37            android:theme="@style/LaunchTheme"
37-->src\main\AndroidManifest.xml:15:13-47
38            android:windowSoftInputMode="adjustResize" >
38-->src\main\AndroidManifest.xml:18:13-55
39
40            <!--
41                 Specifies an Android theme to apply to this Activity as soon as
42                 the Android process has started. This theme is visible to the user
43                 while the Flutter UI initializes. After that, this theme continues
44                 to determine the Window background behind the Flutter UI.
45            -->
46            <meta-data
46-->src\main\AndroidManifest.xml:23:13-26:17
47                android:name="io.flutter.embedding.android.NormalTheme"
47-->src\main\AndroidManifest.xml:24:15-70
48                android:resource="@style/NormalTheme" />
48-->src\main\AndroidManifest.xml:25:15-52
49            <!--
50                 Displays an Android View that continues showing the launch screen
51                 Drawable until Flutter paints its first frame, then this splash
52                 screen fades out. A splash screen is useful to avoid any visual
53                 gap between the end of Android's launch screen and the painting of
54                 Flutter's first frame.
55            -->
56            <meta-data
56-->src\main\AndroidManifest.xml:32:13-35:17
57                android:name="io.flutter.embedding.android.SplashScreenDrawable"
57-->src\main\AndroidManifest.xml:33:15-79
58                android:resource="@drawable/launch_background" />
58-->src\main\AndroidManifest.xml:34:15-61
59
60            <intent-filter>
60-->src\main\AndroidManifest.xml:36:13-39:29
61                <action android:name="android.intent.action.MAIN" />
61-->src\main\AndroidManifest.xml:37:17-68
61-->src\main\AndroidManifest.xml:37:25-66
62
63                <category android:name="android.intent.category.LAUNCHER" />
63-->src\main\AndroidManifest.xml:38:17-76
63-->src\main\AndroidManifest.xml:38:27-74
64            </intent-filter>
65        </activity>
66        <!--
67             Don't delete the meta-data below.
68             This is used by the Flutter tool to generate GeneratedPluginRegistrant.java
69        -->
70        <meta-data
70-->src\main\AndroidManifest.xml:43:9-45:33
71            android:name="flutterEmbedding"
71-->src\main\AndroidManifest.xml:44:13-44
72            android:value="2" />
72-->src\main\AndroidManifest.xml:45:13-30
73
74        <provider
75            android:name="vn.hunghd.flutterdownloader.DownloadedFileProvider"
76            android:authorities="com.example.flutterappdownloader.flutter_downloader.provider"
77            android:exported="false"
78            android:grantUriPermissions="true" >
79            <meta-data
80                android:name="android.support.FILE_PROVIDER_PATHS"
81                android:resource="@xml/provider_paths" />
82        </provider>
83        <provider
84            android:name="androidx.work.impl.WorkManagerInitializer"
85            android:authorities="com.example.flutterappdownloader.workmanager-init"
86            android:directBootAware="false"
86-->[androidx.work:work-runtime:2.3.4] AndroidManifest.xml:34:13-44
87            android:enabled="false"
88            android:exported="false"
89            android:multiprocess="true" />
89-->[androidx.work:work-runtime:2.3.4] AndroidManifest.xml:36:13-40
90        <provider
91            android:name="vn.hunghd.flutterdownloader.FlutterDownloaderInitializer"
92            android:authorities="com.example.flutterappdownloader.flutter-downloader-init"
93            android:exported="false" >
94            <meta-data
95                android:name="vn.hunghd.flutterdownloader.MAX_CONCURRENT_TASKS"
96                android:value="5" />
97        </provider>
98
99        <service
99-->[androidx.work:work-runtime:2.3.4] AndroidManifest.xml:39:9-44:35
100            android:name="androidx.work.impl.background.systemalarm.SystemAlarmService"
100-->[androidx.work:work-runtime:2.3.4] AndroidManifest.xml:40:13-88
101            android:directBootAware="false"
101-->[androidx.work:work-runtime:2.3.4] AndroidManifest.xml:41:13-44
102            android:enabled="@bool/enable_system_alarm_service_default"
102-->[androidx.work:work-runtime:2.3.4] AndroidManifest.xml:42:13-72
103            android:exported="false" />
103-->[androidx.work:work-runtime:2.3.4] AndroidManifest.xml:43:13-37
104        <service
104-->[androidx.work:work-runtime:2.3.4] AndroidManifest.xml:45:9-51:35
105            android:name="androidx.work.impl.background.systemjob.SystemJobService"
105-->[androidx.work:work-runtime:2.3.4] AndroidManifest.xml:46:13-84
106            android:directBootAware="false"
106-->[androidx.work:work-runtime:2.3.4] AndroidManifest.xml:47:13-44
107            android:enabled="@bool/enable_system_job_service_default"
107-->[androidx.work:work-runtime:2.3.4] AndroidManifest.xml:48:13-70
108            android:exported="true"
108-->[androidx.work:work-runtime:2.3.4] AndroidManifest.xml:49:13-36
109            android:permission="android.permission.BIND_JOB_SERVICE" />
109-->[androidx.work:work-runtime:2.3.4] AndroidManifest.xml:50:13-69
110        <service
110-->[androidx.work:work-runtime:2.3.4] AndroidManifest.xml:52:9-57:35
111            android:name="androidx.work.impl.foreground.SystemForegroundService"
111-->[androidx.work:work-runtime:2.3.4] AndroidManifest.xml:53:13-81
112            android:directBootAware="false"
112-->[androidx.work:work-runtime:2.3.4] AndroidManifest.xml:54:13-44
113            android:enabled="@bool/enable_system_foreground_service_default"
113-->[androidx.work:work-runtime:2.3.4] AndroidManifest.xml:55:13-77
114            android:exported="false" />
114-->[androidx.work:work-runtime:2.3.4] AndroidManifest.xml:56:13-37
115
116        <receiver
116-->[androidx.work:work-runtime:2.3.4] AndroidManifest.xml:59:9-64:35
117            android:name="androidx.work.impl.utils.ForceStopRunnable$BroadcastReceiver"
117-->[androidx.work:work-runtime:2.3.4] AndroidManifest.xml:60:13-88
118            android:directBootAware="false"
118-->[androidx.work:work-runtime:2.3.4] AndroidManifest.xml:61:13-44
119            android:enabled="true"
119-->[androidx.work:work-runtime:2.3.4] AndroidManifest.xml:62:13-35
120            android:exported="false" />
120-->[androidx.work:work-runtime:2.3.4] AndroidManifest.xml:63:13-37
121        <receiver
121-->[androidx.work:work-runtime:2.3.4] AndroidManifest.xml:65:9-75:20
122            android:name="androidx.work.impl.background.systemalarm.ConstraintProxy$BatteryChargingProxy"
122-->[androidx.work:work-runtime:2.3.4] AndroidManifest.xml:66:13-106
123            android:directBootAware="false"
123-->[androidx.work:work-runtime:2.3.4] AndroidManifest.xml:67:13-44
124            android:enabled="false"
124-->[androidx.work:work-runtime:2.3.4] AndroidManifest.xml:68:13-36
125            android:exported="false" >
125-->[androidx.work:work-runtime:2.3.4] AndroidManifest.xml:69:13-37
126            <intent-filter>
126-->[androidx.work:work-runtime:2.3.4] AndroidManifest.xml:71:13-74:29
127                <action android:name="android.intent.action.ACTION_POWER_CONNECTED" />
127-->[androidx.work:work-runtime:2.3.4] AndroidManifest.xml:72:17-87
127-->[androidx.work:work-runtime:2.3.4] AndroidManifest.xml:72:25-84
128                <action android:name="android.intent.action.ACTION_POWER_DISCONNECTED" />
128-->[androidx.work:work-runtime:2.3.4] AndroidManifest.xml:73:17-90
128-->[androidx.work:work-runtime:2.3.4] AndroidManifest.xml:73:25-87
129            </intent-filter>
130        </receiver>
131        <receiver
131-->[androidx.work:work-runtime:2.3.4] AndroidManifest.xml:76:9-86:20
132            android:name="androidx.work.impl.background.systemalarm.ConstraintProxy$BatteryNotLowProxy"
132-->[androidx.work:work-runtime:2.3.4] AndroidManifest.xml:77:13-104
133            android:directBootAware="false"
133-->[androidx.work:work-runtime:2.3.4] AndroidManifest.xml:78:13-44
134            android:enabled="false"
134-->[androidx.work:work-runtime:2.3.4] AndroidManifest.xml:79:13-36
135            android:exported="false" >
135-->[androidx.work:work-runtime:2.3.4] AndroidManifest.xml:80:13-37
136            <intent-filter>
136-->[androidx.work:work-runtime:2.3.4] AndroidManifest.xml:82:13-85:29
137                <action android:name="android.intent.action.BATTERY_OKAY" />
137-->[androidx.work:work-runtime:2.3.4] AndroidManifest.xml:83:17-77
137-->[androidx.work:work-runtime:2.3.4] AndroidManifest.xml:83:25-74
138                <action android:name="android.intent.action.BATTERY_LOW" />
138-->[androidx.work:work-runtime:2.3.4] AndroidManifest.xml:84:17-76
138-->[androidx.work:work-runtime:2.3.4] AndroidManifest.xml:84:25-73
139            </intent-filter>
140        </receiver>
141        <receiver
141-->[androidx.work:work-runtime:2.3.4] AndroidManifest.xml:87:9-97:20
142            android:name="androidx.work.impl.background.systemalarm.ConstraintProxy$StorageNotLowProxy"
142-->[androidx.work:work-runtime:2.3.4] AndroidManifest.xml:88:13-104
143            android:directBootAware="false"
143-->[androidx.work:work-runtime:2.3.4] AndroidManifest.xml:89:13-44
144            android:enabled="false"
144-->[androidx.work:work-runtime:2.3.4] AndroidManifest.xml:90:13-36
145            android:exported="false" >
145-->[androidx.work:work-runtime:2.3.4] AndroidManifest.xml:91:13-37
146            <intent-filter>
146-->[androidx.work:work-runtime:2.3.4] AndroidManifest.xml:93:13-96:29
147                <action android:name="android.intent.action.DEVICE_STORAGE_LOW" />
147-->[androidx.work:work-runtime:2.3.4] AndroidManifest.xml:94:17-83
147-->[androidx.work:work-runtime:2.3.4] AndroidManifest.xml:94:25-80
148                <action android:name="android.intent.action.DEVICE_STORAGE_OK" />
148-->[androidx.work:work-runtime:2.3.4] AndroidManifest.xml:95:17-82
148-->[androidx.work:work-runtime:2.3.4] AndroidManifest.xml:95:25-79
149            </intent-filter>
150        </receiver>
151        <receiver
151-->[androidx.work:work-runtime:2.3.4] AndroidManifest.xml:98:9-107:20
152            android:name="androidx.work.impl.background.systemalarm.ConstraintProxy$NetworkStateProxy"
152-->[androidx.work:work-runtime:2.3.4] AndroidManifest.xml:99:13-103
153            android:directBootAware="false"
153-->[androidx.work:work-runtime:2.3.4] AndroidManifest.xml:100:13-44
154            android:enabled="false"
154-->[androidx.work:work-runtime:2.3.4] AndroidManifest.xml:101:13-36
155            android:exported="false" >
155-->[androidx.work:work-runtime:2.3.4] AndroidManifest.xml:102:13-37
156            <intent-filter>
156-->[androidx.work:work-runtime:2.3.4] AndroidManifest.xml:104:13-106:29
157                <action android:name="android.net.conn.CONNECTIVITY_CHANGE" />
157-->[androidx.work:work-runtime:2.3.4] AndroidManifest.xml:105:17-79
157-->[androidx.work:work-runtime:2.3.4] AndroidManifest.xml:105:25-76
158            </intent-filter>
159        </receiver>
160        <receiver
160-->[androidx.work:work-runtime:2.3.4] AndroidManifest.xml:108:9-119:20
161            android:name="androidx.work.impl.background.systemalarm.RescheduleReceiver"
161-->[androidx.work:work-runtime:2.3.4] AndroidManifest.xml:109:13-88
162            android:directBootAware="false"
162-->[androidx.work:work-runtime:2.3.4] AndroidManifest.xml:110:13-44
163            android:enabled="false"
163-->[androidx.work:work-runtime:2.3.4] AndroidManifest.xml:111:13-36
164            android:exported="false" >
164-->[androidx.work:work-runtime:2.3.4] AndroidManifest.xml:112:13-37
165            <intent-filter>
165-->[androidx.work:work-runtime:2.3.4] AndroidManifest.xml:114:13-118:29
166                <action android:name="android.intent.action.BOOT_COMPLETED" />
166-->[androidx.work:work-runtime:2.3.4] AndroidManifest.xml:115:17-79
166-->[androidx.work:work-runtime:2.3.4] AndroidManifest.xml:115:25-76
167                <action android:name="android.intent.action.TIME_SET" />
167-->[androidx.work:work-runtime:2.3.4] AndroidManifest.xml:116:17-73
167-->[androidx.work:work-runtime:2.3.4] AndroidManifest.xml:116:25-70
168                <action android:name="android.intent.action.TIMEZONE_CHANGED" />
168-->[androidx.work:work-runtime:2.3.4] AndroidManifest.xml:117:17-81
168-->[androidx.work:work-runtime:2.3.4] AndroidManifest.xml:117:25-78
169            </intent-filter>
170        </receiver>
171        <receiver
171-->[androidx.work:work-runtime:2.3.4] AndroidManifest.xml:120:9-129:20
172            android:name="androidx.work.impl.background.systemalarm.ConstraintProxyUpdateReceiver"
172-->[androidx.work:work-runtime:2.3.4] AndroidManifest.xml:121:13-99
173            android:directBootAware="false"
173-->[androidx.work:work-runtime:2.3.4] AndroidManifest.xml:122:13-44
174            android:enabled="@bool/enable_system_alarm_service_default"
174-->[androidx.work:work-runtime:2.3.4] AndroidManifest.xml:123:13-72
175            android:exported="false" >
175-->[androidx.work:work-runtime:2.3.4] AndroidManifest.xml:124:13-37
176            <intent-filter>
176-->[androidx.work:work-runtime:2.3.4] AndroidManifest.xml:126:13-128:29
177                <action android:name="androidx.work.impl.background.systemalarm.UpdateProxies" />
177-->[androidx.work:work-runtime:2.3.4] AndroidManifest.xml:127:17-98
177-->[androidx.work:work-runtime:2.3.4] AndroidManifest.xml:127:25-95
178            </intent-filter>
179        </receiver>
180
181        <service
181-->[androidx.room:room-runtime:2.2.3] AndroidManifest.xml:25:9-27:40
182            android:name="androidx.room.MultiInstanceInvalidationService"
182-->[androidx.room:room-runtime:2.2.3] AndroidManifest.xml:26:13-74
183            android:exported="false" />
183-->[androidx.room:room-runtime:2.2.3] AndroidManifest.xml:27:13-37
184    </application>
185
186</manifest>